<?xml version="1.0" encoding="UTF-8"?>
<!-- Generated by org.testng.reporters.JUnitReportReporter -->
<testsuite skipped="0" hostname="IN5CG6495DFB" name="testRunner.TestRunnerClass1" tests="1" failures="0" timestamp="13 Jun 2019 09:34:39 GMT" time="0.308" errors="0">
  <testcase name="feature" time="0.308" classname="testRunner.TestRunnerClass1"/>
</testsuite> <!-- testRunner.TestRunnerClass1 -->
