<?xml version="1.0" encoding="UTF-8"?>
<!-- Generated by org.testng.reporters.JUnitReportReporter -->
<testsuite skipped="0" hostname="IN5CG6495DFB" name="com.tendulkar.selenium.Module1" tests="6" failures="0" timestamp="13 Jun 2019 09:34:39 GMT" time="0.057" errors="0">
  <testcase name="Module1Test3" time="0.002" classname="com.tendulkar.selenium.Module1"/>
  <testcase name="Module1Test1" time="0.031" classname="com.tendulkar.selenium.Module1"/>
  <testcase name="Module1Test3" time="0.008" classname="com.tendulkar.selenium.Module1"/>
  <testcase name="Module1Test1" time="0.003" classname="com.tendulkar.selenium.Module1"/>
  <testcase name="Module1Test2" time="0.012" classname="com.tendulkar.selenium.Module1"/>
  <testcase name="Module1Test2" time="0.001" classname="com.tendulkar.selenium.Module1"/>
</testsuite> <!-- com.tendulkar.selenium.Module1 -->
