<?xml version="1.0" encoding="UTF-8"?>
<!-- Generated by org.testng.reporters.JUnitReportReporter -->
<testsuite skipped="0" hostname="IN5CG6495DFB" name="com.tendulkar.selenium.Sample" tests="2" failures="0" timestamp="13 Jun 2019 09:34:39 GMT" time="0.006" errors="0">
  <testcase name="Sample1" time="0.002" classname="com.tendulkar.selenium.Sample"/>
  <testcase name="Sample1" time="0.004" classname="com.tendulkar.selenium.Sample"/>
</testsuite> <!-- com.tendulkar.selenium.Sample -->
