<?xml version="1.0" encoding="UTF-8"?>
<!-- Generated by org.testng.reporters.JUnitReportReporter -->
<testsuite skipped="0" hostname="IN5CG6495DFB" name="com.tendulkar.selenium.Module2" tests="6" failures="0" timestamp="13 Jun 2019 09:34:39 GMT" time="0.018" errors="0">
  <testcase name="Module2Test1" time="0.002" classname="com.tendulkar.selenium.Module2"/>
  <testcase name="Module2Test3" time="0.004" classname="com.tendulkar.selenium.Module2"/>
  <testcase name="Module2Test2" time="0.003" classname="com.tendulkar.selenium.Module2"/>
  <testcase name="Module2Test1" time="0.004" classname="com.tendulkar.selenium.Module2"/>
  <testcase name="Module2Test2" time="0.003" classname="com.tendulkar.selenium.Module2"/>
  <testcase name="Module2Test3" time="0.002" classname="com.tendulkar.selenium.Module2"/>
</testsuite> <!-- com.tendulkar.selenium.Module2 -->
